# JRE version: Java(TM) SE Runtime Environment (8.0_271-b09) (build 1.8.0_271-b09)
# Java VM: Java HotSpot(TM) 64-Bit Server VM (25.271-b09 mixed mode windows-amd64 compressed oops)
Heap:
 PSYoungGen      total 140288K, used 101548K [0x00000000f5580000, 0x00000000ffe00000, 0x0000000100000000)
  eden space 107008K, 81% used [0x00000000f5580000,0x00000000faa8de40,0x00000000fbe00000)
  from space 33280K, 43% used [0x00000000fbe00000,0x00000000fcc1d428,0x00000000fde80000)
  to   space 32256K, 0% used [0x00000000fde80000,0x00000000fde80000,0x00000000ffe00000)
 ParOldGen       total 270848K, used 124666K [0x00000000e0000000, 0x00000000f0880000, 0x00000000f5580000)
  object space 270848K, 46% used [0x00000000e0000000,0x00000000e79bea90,0x00000000f0880000)
 Metaspace       used 91873K, capacity 98954K, committed 99224K, reserved 1134592K
  class space    used 12453K, capacity 14091K, committed 14232K, reserved 1048576K
GC Heap History (10 events):
Event: 7411.179 GC heap before
{Heap before GC invocations=25 (full 4):
 PSYoungGen      total 138752K, used 26496K [0x00000000f5580000, 0x0000000100000000, 0x0000000100000000)
  eden space 112128K, 0% used [0x00000000f5580000,0x00000000f5580000,0x00000000fc300000)
  from space 26624K, 99% used [0x00000000fc300000,0x00000000fdce0020,0x00000000fdd00000)
  to   space 34304K, 0% used [0x00000000fde80000,0x00000000fde80000,0x0000000100000000)
 ParOldGen       total 175104K, used 164132K [0x00000000e0000000, 0x00000000eab00000, 0x00000000f5580000)
  object space 175104K, 93% used [0x00000000e0000000,0x00000000ea0491c8,0x00000000eab00000)
 Metaspace       used 81275K, capacity 87934K, committed 88088K, reserved 1124352K
  class space    used 11070K, capacity 12504K, committed 12568K, reserved 1048576K
Event: 7412.833 GC heap after
Heap after GC invocations=25 (full 4):
 PSYoungGen      total 138752K, used 0K [0x00000000f5580000, 0x0000000100000000, 0x0000000100000000)
  eden space 112128K, 0% used [0x00000000f5580000,0x00000000f5580000,0x00000000fc300000)
  from space 26624K, 0% used [0x00000000fc300000,0x00000000fc300000,0x00000000fdd00000)
  to   space 34304K, 0% used [0x00000000fde80000,0x00000000fde80000,0x0000000100000000)
 ParOldGen       total 270848K, used 115410K [0x00000000e0000000, 0x00000000f0880000, 0x00000000f5580000)
  object space 270848K, 42% used [0x00000000e0000000,0x00000000e70b49f0,0x00000000f0880000)
 Metaspace       used 80364K, capacity 85744K, committed 88088K, reserved 1124352K
  class space    used 10789K, capacity 12029K, committed 12568K, reserved 1048576K
}
Event: 7418.347 GC heap before
{Heap before GC invocations=26 (full 4):
 PSYoungGen      total 138752K, used 112128K [0x00000000f5580000, 0x0000000100000000, 0x0000000100000000)
  eden space 112128K, 100% used [0x00000000f5580000,0x00000000fc300000,0x00000000fc300000)
  from space 26624K, 0% used [0x00000000fc300000,0x00000000fc300000,0x00000000fdd00000)
  to   space 34304K, 0% used [0x00000000fde80000,0x00000000fde80000,0x0000000100000000)
 ParOldGen       total 270848K, used 115410K [0x00000000e0000000, 0x00000000f0880000, 0x00000000f5580000)
  object space 270848K, 42% used [0x00000000e0000000,0x00000000e70b49f0,0x00000000f0880000)
 Metaspace       used 80482K, capacity 85930K, committed 88344K, reserved 1124352K
  class space    used 10798K, capacity 12039K, committed 12568K, reserved 1048576K
Event: 7418.406 GC heap after
Heap after GC invocations=26 (full 4):
 PSYoungGen      total 140800K, used 4800K [0x00000000f5580000, 0x0000000100000000, 0x0000000100000000)
  eden space 106496K, 0% used [0x00000000f5580000,0x00000000f5580000,0x00000000fbd80000)
  from space 34304K, 13% used [0x00000000fde80000,0x00000000fe330010,0x0000000100000000)
  to   space 33792K, 0% used [0x00000000fbd80000,0x00000000fbd80000,0x00000000fde80000)
 ParOldGen       total 270848K, used 115418K [0x00000000e0000000, 0x00000000f0880000, 0x00000000f5580000)
  object space 270848K, 42% used [0x00000000e0000000,0x00000000e70b69f0,0x00000000f0880000)
 Metaspace       used 80482K, capacity 85930K, committed 88344K, reserved 1124352K
  class space    used 10798K, capacity 12039K, committed 12568K, reserved 1048576K
}
Event: 7421.817 GC heap before
{Heap before GC invocations=27 (full 4):
 PSYoungGen      total 140800K, used 111296K [0x00000000f5580000, 0x0000000100000000, 0x0000000100000000)
  eden space 106496K, 100% used [0x00000000f5580000,0x00000000fbd80000,0x00000000fbd80000)
  from space 34304K, 13% used [0x00000000fde80000,0x00000000fe330010,0x0000000100000000)
  to   space 33792K, 0% used [0x00000000fbd80000,0x00000000fbd80000,0x00000000fde80000)
 ParOldGen       total 270848K, used 115418K [0x00000000e0000000, 0x00000000f0880000, 0x00000000f5580000)
  object space 270848K, 42% used [0x00000000e0000000,0x00000000e70b69f0,0x00000000f0880000)
 Metaspace       used 80547K, capacity 85960K, committed 88344K, reserved 1124352K
  class space    used 10801K, capacity 12044K, committed 12568K, reserved 1048576K
Event: 7421.833 GC heap after
Heap after GC invocations=27 (full 4):
 PSYoungGen      total 140288K, used 2896K [0x00000000f5580000, 0x00000000fff80000, 0x0000000100000000)
  eden space 106496K, 0% used [0x00000000f5580000,0x00000000f5580000,0x00000000fbd80000)
  from space 33792K, 8% used [0x00000000fbd80000,0x00000000fc054010,0x00000000fde80000)
  to   space 33792K, 0% used [0x00000000fde80000,0x00000000fde80000,0x00000000fff80000)
 ParOldGen       total 270848K, used 119631K [0x00000000e0000000, 0x00000000f0880000, 0x00000000f5580000)
  object space 270848K, 44% used [0x00000000e0000000,0x00000000e74d3f38,0x00000000f0880000)
 Metaspace       used 80547K, capacity 85960K, committed 88344K, reserved 1124352K
  class space    used 10801K, capacity 12044K, committed 12568K, reserved 1048576K
}
Event: 16398.441 GC heap before
{Heap before GC invocations=28 (full 4):
 PSYoungGen      total 140288K, used 109392K [0x00000000f5580000, 0x00000000fff80000, 0x0000000100000000)
  eden space 106496K, 100% used [0x00000000f5580000,0x00000000fbd80000,0x00000000fbd80000)
  from space 33792K, 8% used [0x00000000fbd80000,0x00000000fc054010,0x00000000fde80000)
  to   space 33792K, 0% used [0x00000000fde80000,0x00000000fde80000,0x00000000fff80000)
 ParOldGen       total 270848K, used 119631K [0x00000000e0000000, 0x00000000f0880000, 0x00000000f5580000)
  object space 270848K, 44% used [0x00000000e0000000,0x00000000e74d3f38,0x00000000f0880000)
 Metaspace       used 80957K, capacity 86602K, committed 88728K, reserved 1126400K
  class space    used 10867K, capacity 12205K, committed 12696K, reserved 1048576K
Event: 16399.081 GC heap after
Heap after GC invocations=28 (full 4):
 PSYoungGen      total 140288K, used 3862K [0x00000000f5580000, 0x00000000fff00000, 0x0000000100000000)
  eden space 107008K, 0% used [0x00000000f5580000,0x00000000f5580000,0x00000000fbe00000)
  from space 33280K, 11% used [0x00000000fde80000,0x00000000fe245a10,0x00000000fff00000)
  to   space 33280K, 0% used [0x00000000fbe00000,0x00000000fbe00000,0x00000000fde80000)
 ParOldGen       total 270848K, used 121512K [0x00000000e0000000, 0x00000000f0880000, 0x00000000f5580000)
  object space 270848K, 44% used [0x00000000e0000000,0x00000000e76aa3e8,0x00000000f0880000)
 Metaspace       used 80957K, capacity 86602K, committed 88728K, reserved 1126400K
  class space    used 10867K, capacity 12205K, committed 12696K, reserved 1048576K
}
Event: 16415.197 GC heap before
{Heap before GC invocations=29 (full 4):
 PSYoungGen      total 140288K, used 110870K [0x00000000f5580000, 0x00000000fff00000, 0x0000000100000000)
  eden space 107008K, 100% used [0x00000000f5580000,0x00000000fbe00000,0x00000000fbe00000)
  from space 33280K, 11% used [0x00000000fde80000,0x00000000fe245a10,0x00000000fff00000)
  to   space 33280K, 0% used [0x00000000fbe00000,0x00000000fbe00000,0x00000000fde80000)
 ParOldGen       total 270848K, used 121512K [0x00000000e0000000, 0x00000000f0880000, 0x00000000f5580000)
  object space 270848K, 44% used [0x00000000e0000000,0x00000000e76aa3e8,0x00000000f0880000)
 Metaspace       used 88059K, capacity 94430K, committed 95512K, reserved 1130496K
  class space    used 11821K, capacity 13294K, committed 13592K, reserved 1048576K
Event: 16415.457 GC heap after
Heap after GC invocations=29 (full 4):
 PSYoungGen      total 140288K, used 14453K [0x00000000f5580000, 0x00000000ffe00000, 0x0000000100000000)
  eden space 107008K, 0% used [0x00000000f5580000,0x00000000f5580000,0x00000000fbe00000)
  from space 33280K, 43% used [0x00000000fbe00000,0x00000000fcc1d428,0x00000000fde80000)
  to   space 32256K, 0% used [0x00000000fde80000,0x00000000fde80000,0x00000000ffe00000)
 ParOldGen       total 270848K, used 124666K [0x00000000e0000000, 0x00000000f0880000, 0x00000000f5580000)
  object space 270848K, 46% used [0x00000000e0000000,0x00000000e79bea90,0x00000000f0880000)
 Metaspace       used 88059K, capacity 94430K, committed 95512K, reserved 1130496K
  class space    used 11821K, capacity 13294K, committed 13592K, reserved 1048576K
}

