# JRE version: Java(TM) SE Runtime Environment (8.0_271-b09) (build 1.8.0_271-b09)
# Java VM: Java HotSpot(TM) 64-Bit Server VM (25.271-b09 mixed mode windows-amd64 compressed oops)
Heap:
 PSYoungGen      total 129024K, used 53143K [0x00000000f5580000, 0x0000000100000000, 0x0000000100000000)
  eden space 114176K, 34% used [0x00000000f5580000,0x00000000f7c125e8,0x00000000fc500000)
  from space 14848K, 91% used [0x00000000fc500000,0x00000000fd253930,0x00000000fd380000)
  to   space 15872K, 0% used [0x00000000ff080000,0x00000000ff080000,0x0000000100000000)
 ParOldGen       total 175104K, used 18748K [0x00000000e0000000, 0x00000000eab00000, 0x00000000f5580000)
  object space 175104K, 10% used [0x00000000e0000000,0x00000000e124f118,0x00000000eab00000)
 Metaspace       used 47012K, capacity 48574K, committed 48640K, reserved 1091584K
  class space    used 6461K, capacity 6874K, committed 6912K, reserved 1048576K
GC Heap History (10 events):
Event: 22.314 GC heap before
{Heap before GC invocations=5 (full 1):
 PSYoungGen      total 76288K, used 65536K [0x00000000f5580000, 0x00000000faa80000, 0x0000000100000000)
  eden space 65536K, 100% used [0x00000000f5580000,0x00000000f9580000,0x00000000f9580000)
  from space 10752K, 0% used [0x00000000f9580000,0x00000000f9580000,0x00000000fa000000)
  to   space 10752K, 0% used [0x00000000fa000000,0x00000000fa000000,0x00000000faa80000)
 ParOldGen       total 175104K, used 12340K [0x00000000e0000000, 0x00000000eab00000, 0x00000000f5580000)
  object space 175104K, 7% used [0x00000000e0000000,0x00000000e0c0d168,0x00000000eab00000)
 Metaspace       used 27698K, capacity 28374K, committed 28416K, reserved 1073152K
  class space    used 3838K, capacity 4063K, committed 4096K, reserved 1048576K
Event: 22.349 GC heap after
Heap after GC invocations=5 (full 1):
 PSYoungGen      total 76288K, used 7952K [0x00000000f5580000, 0x00000000fcb00000, 0x0000000100000000)
  eden space 65536K, 0% used [0x00000000f5580000,0x00000000f5580000,0x00000000f9580000)
  from space 10752K, 73% used [0x00000000fa000000,0x00000000fa7c43c0,0x00000000faa80000)
  to   space 10752K, 0% used [0x00000000f9580000,0x00000000f9580000,0x00000000fa000000)
 ParOldGen       total 175104K, used 12348K [0x00000000e0000000, 0x00000000eab00000, 0x00000000f5580000)
  object space 175104K, 7% used [0x00000000e0000000,0x00000000e0c0f168,0x00000000eab00000)
 Metaspace       used 27698K, capacity 28374K, committed 28416K, reserved 1073152K
  class space    used 3838K, capacity 4063K, committed 4096K, reserved 1048576K
}
Event: 23.292 GC heap before
{Heap before GC invocations=6 (full 1):
 PSYoungGen      total 76288K, used 73488K [0x00000000f5580000, 0x00000000fcb00000, 0x0000000100000000)
  eden space 65536K, 100% used [0x00000000f5580000,0x00000000f9580000,0x00000000f9580000)
  from space 10752K, 73% used [0x00000000fa000000,0x00000000fa7c43c0,0x00000000faa80000)
  to   space 10752K, 0% used [0x00000000f9580000,0x00000000f9580000,0x00000000fa000000)
 ParOldGen       total 175104K, used 12348K [0x00000000e0000000, 0x00000000eab00000, 0x00000000f5580000)
  object space 175104K, 7% used [0x00000000e0000000,0x00000000e0c0f168,0x00000000eab00000)
 Metaspace       used 31319K, capacity 32122K, committed 32256K, reserved 1077248K
  class space    used 4357K, capacity 4604K, committed 4608K, reserved 1048576K
Event: 23.338 GC heap after
Heap after GC invocations=6 (full 1):
 PSYoungGen      total 76288K, used 10275K [0x00000000f5580000, 0x00000000fe100000, 0x0000000100000000)
  eden space 65536K, 0% used [0x00000000f5580000,0x00000000f5580000,0x00000000f9580000)
  from space 10752K, 95% used [0x00000000f9580000,0x00000000f9f88ee8,0x00000000fa000000)
  to   space 13824K, 0% used [0x00000000fd380000,0x00000000fd380000,0x00000000fe100000)
 ParOldGen       total 175104K, used 12356K [0x00000000e0000000, 0x00000000eab00000, 0x00000000f5580000)
  object space 175104K, 7% used [0x00000000e0000000,0x00000000e0c11168,0x00000000eab00000)
 Metaspace       used 31319K, capacity 32122K, committed 32256K, reserved 1077248K
  class space    used 4357K, capacity 4604K, committed 4608K, reserved 1048576K
}
Event: 24.345 GC heap before
{Heap before GC invocations=7 (full 1):
 PSYoungGen      total 76288K, used 75811K [0x00000000f5580000, 0x00000000fe100000, 0x0000000100000000)
  eden space 65536K, 100% used [0x00000000f5580000,0x00000000f9580000,0x00000000f9580000)
  from space 10752K, 95% used [0x00000000f9580000,0x00000000f9f88ee8,0x00000000fa000000)
  to   space 13824K, 0% used [0x00000000fd380000,0x00000000fd380000,0x00000000fe100000)
 ParOldGen       total 175104K, used 12356K [0x00000000e0000000, 0x00000000eab00000, 0x00000000f5580000)
  object space 175104K, 7% used [0x00000000e0000000,0x00000000e0c11168,0x00000000eab00000)
 Metaspace       used 34575K, capacity 35454K, committed 35496K, reserved 1079296K
  class space    used 4835K, capacity 5112K, committed 5120K, reserved 1048576K
Event: 24.360 GC heap after
Heap after GC invocations=7 (full 1):
 PSYoungGen      total 128000K, used 12051K [0x00000000f5580000, 0x00000000fe300000, 0x0000000100000000)
  eden space 114176K, 0% used [0x00000000f5580000,0x00000000f5580000,0x00000000fc500000)
  from space 13824K, 87% used [0x00000000fd380000,0x00000000fdf44e10,0x00000000fe100000)
  to   space 14848K, 0% used [0x00000000fc500000,0x00000000fc500000,0x00000000fd380000)
 ParOldGen       total 175104K, used 12364K [0x00000000e0000000, 0x00000000eab00000, 0x00000000f5580000)
  object space 175104K, 7% used [0x00000000e0000000,0x00000000e0c13168,0x00000000eab00000)
 Metaspace       used 34575K, capacity 35454K, committed 35496K, reserved 1079296K
  class space    used 4835K, capacity 5112K, committed 5120K, reserved 1048576K
}
Event: 24.360 GC heap before
{Heap before GC invocations=8 (full 2):
 PSYoungGen      total 128000K, used 12051K [0x00000000f5580000, 0x00000000fe300000, 0x0000000100000000)
  eden space 114176K, 0% used [0x00000000f5580000,0x00000000f5580000,0x00000000fc500000)
  from space 13824K, 87% used [0x00000000fd380000,0x00000000fdf44e10,0x00000000fe100000)
  to   space 14848K, 0% used [0x00000000fc500000,0x00000000fc500000,0x00000000fd380000)
 ParOldGen       total 175104K, used 12364K [0x00000000e0000000, 0x00000000eab00000, 0x00000000f5580000)
  object space 175104K, 7% used [0x00000000e0000000,0x00000000e0c13168,0x00000000eab00000)
 Metaspace       used 34575K, capacity 35454K, committed 35496K, reserved 1079296K
  class space    used 4835K, capacity 5112K, committed 5120K, reserved 1048576K
Event: 24.450 GC heap after
Heap after GC invocations=8 (full 2):
 PSYoungGen      total 128000K, used 0K [0x00000000f5580000, 0x00000000fe300000, 0x0000000100000000)
  eden space 114176K, 0% used [0x00000000f5580000,0x00000000f5580000,0x00000000fc500000)
  from space 13824K, 0% used [0x00000000fd380000,0x00000000fd380000,0x00000000fe100000)
  to   space 14848K, 0% used [0x00000000fc500000,0x00000000fc500000,0x00000000fd380000)
 ParOldGen       total 175104K, used 18740K [0x00000000e0000000, 0x00000000eab00000, 0x00000000f5580000)
  object space 175104K, 10% used [0x00000000e0000000,0x00000000e124d118,0x00000000eab00000)
 Metaspace       used 34575K, capacity 35454K, committed 35496K, reserved 1079296K
  class space    used 4835K, capacity 5112K, committed 5120K, reserved 1048576K
}
Event: 27.381 GC heap before
{Heap before GC invocations=9 (full 2):
 PSYoungGen      total 128000K, used 114176K [0x00000000f5580000, 0x00000000fe300000, 0x0000000100000000)
  eden space 114176K, 100% used [0x00000000f5580000,0x00000000fc500000,0x00000000fc500000)
  from space 13824K, 0% used [0x00000000fd380000,0x00000000fd380000,0x00000000fe100000)
  to   space 14848K, 0% used [0x00000000fc500000,0x00000000fc500000,0x00000000fd380000)
 ParOldGen       total 175104K, used 18740K [0x00000000e0000000, 0x00000000eab00000, 0x00000000f5580000)
  object space 175104K, 10% used [0x00000000e0000000,0x00000000e124d118,0x00000000eab00000)
 Metaspace       used 44492K, capacity 45900K, committed 46208K, reserved 1089536K
  class space    used 6142K, capacity 6527K, committed 6528K, reserved 1048576K
Event: 27.470 GC heap after
Heap after GC invocations=9 (full 2):
 PSYoungGen      total 129024K, used 13646K [0x00000000f5580000, 0x0000000100000000, 0x0000000100000000)
  eden space 114176K, 0% used [0x00000000f5580000,0x00000000f5580000,0x00000000fc500000)
  from space 14848K, 91% used [0x00000000fc500000,0x00000000fd253930,0x00000000fd380000)
  to   space 15872K, 0% used [0x00000000ff080000,0x00000000ff080000,0x0000000100000000)
 ParOldGen       total 175104K, used 18748K [0x00000000e0000000, 0x00000000eab00000, 0x00000000f5580000)
  object space 175104K, 10% used [0x00000000e0000000,0x00000000e124f118,0x00000000eab00000)
 Metaspace       used 44492K, capacity 45900K, committed 46208K, reserved 1089536K
  class space    used 6142K, capacity 6527K, committed 6528K, reserved 1048576K
}

