# JRE version: Java(TM) SE Runtime Environment (8.0_271-b09) (build 1.8.0_271-b09)
# Java VM: Java HotSpot(TM) 64-Bit Server VM (25.271-b09 mixed mode windows-amd64 compressed oops)
Heap:
 PSYoungGen      total 119808K, used 68005K [0x00000000f5580000, 0x00000000fdd80000, 0x0000000100000000)
  eden space 104960K, 52% used [0x00000000f5580000,0x00000000f8b76150,0x00000000fbc00000)
  from space 14848K, 85% used [0x00000000fbc00000,0x00000000fc873330,0x00000000fca80000)
  to   space 13824K, 0% used [0x00000000fca80000,0x00000000fca80000,0x00000000fd800000)
 ParOldGen       total 175104K, used 18792K [0x00000000e0000000, 0x00000000eab00000, 0x00000000f5580000)
  object space 175104K, 10% used [0x00000000e0000000,0x00000000e125a0d8,0x00000000eab00000)
 Metaspace       used 47301K, capacity 48936K, committed 49024K, reserved 1091584K
  class space    used 6502K, capacity 6962K, committed 7040K, reserved 1048576K
GC Heap History (10 events):
Event: 32.110 GC heap before
{Heap before GC invocations=5 (full 1):
 PSYoungGen      total 76288K, used 65536K [0x00000000f5580000, 0x00000000faa80000, 0x0000000100000000)
  eden space 65536K, 100% used [0x00000000f5580000,0x00000000f9580000,0x00000000f9580000)
  from space 10752K, 0% used [0x00000000f9580000,0x00000000f9580000,0x00000000fa000000)
  to   space 10752K, 0% used [0x00000000fa000000,0x00000000fa000000,0x00000000faa80000)
 ParOldGen       total 175104K, used 12313K [0x00000000e0000000, 0x00000000eab00000, 0x00000000f5580000)
  object space 175104K, 7% used [0x00000000e0000000,0x00000000e0c06650,0x00000000eab00000)
 Metaspace       used 27658K, capacity 28374K, committed 28416K, reserved 1073152K
  class space    used 3827K, capacity 4063K, committed 4096K, reserved 1048576K
Event: 32.189 GC heap after
Heap after GC invocations=5 (full 1):
 PSYoungGen      total 76288K, used 8002K [0x00000000f5580000, 0x00000000fcb00000, 0x0000000100000000)
  eden space 65536K, 0% used [0x00000000f5580000,0x00000000f5580000,0x00000000f9580000)
  from space 10752K, 74% used [0x00000000fa000000,0x00000000fa7d0a68,0x00000000faa80000)
  to   space 10752K, 0% used [0x00000000f9580000,0x00000000f9580000,0x00000000fa000000)
 ParOldGen       total 175104K, used 12321K [0x00000000e0000000, 0x00000000eab00000, 0x00000000f5580000)
  object space 175104K, 7% used [0x00000000e0000000,0x00000000e0c08650,0x00000000eab00000)
 Metaspace       used 27658K, capacity 28374K, committed 28416K, reserved 1073152K
  class space    used 3827K, capacity 4063K, committed 4096K, reserved 1048576K
}
Event: 33.723 GC heap before
{Heap before GC invocations=6 (full 1):
 PSYoungGen      total 76288K, used 73538K [0x00000000f5580000, 0x00000000fcb00000, 0x0000000100000000)
  eden space 65536K, 100% used [0x00000000f5580000,0x00000000f9580000,0x00000000f9580000)
  from space 10752K, 74% used [0x00000000fa000000,0x00000000fa7d0a68,0x00000000faa80000)
  to   space 10752K, 0% used [0x00000000f9580000,0x00000000f9580000,0x00000000fa000000)
 ParOldGen       total 175104K, used 12321K [0x00000000e0000000, 0x00000000eab00000, 0x00000000f5580000)
  object space 175104K, 7% used [0x00000000e0000000,0x00000000e0c08650,0x00000000eab00000)
 Metaspace       used 31280K, capacity 32090K, committed 32256K, reserved 1077248K
  class space    used 4347K, capacity 4572K, committed 4608K, reserved 1048576K
Event: 33.764 GC heap after
Heap after GC invocations=6 (full 1):
 PSYoungGen      total 76288K, used 10207K [0x00000000f5580000, 0x00000000fd800000, 0x0000000100000000)
  eden space 65536K, 0% used [0x00000000f5580000,0x00000000f5580000,0x00000000f9580000)
  from space 10752K, 94% used [0x00000000f9580000,0x00000000f9f77c60,0x00000000fa000000)
  to   space 13824K, 0% used [0x00000000fca80000,0x00000000fca80000,0x00000000fd800000)
 ParOldGen       total 175104K, used 12329K [0x00000000e0000000, 0x00000000eab00000, 0x00000000f5580000)
  object space 175104K, 7% used [0x00000000e0000000,0x00000000e0c0a650,0x00000000eab00000)
 Metaspace       used 31280K, capacity 32090K, committed 32256K, reserved 1077248K
  class space    used 4347K, capacity 4572K, committed 4608K, reserved 1048576K
}
Event: 35.364 GC heap before
{Heap before GC invocations=7 (full 1):
 PSYoungGen      total 76288K, used 75743K [0x00000000f5580000, 0x00000000fd800000, 0x0000000100000000)
  eden space 65536K, 100% used [0x00000000f5580000,0x00000000f9580000,0x00000000f9580000)
  from space 10752K, 94% used [0x00000000f9580000,0x00000000f9f77c60,0x00000000fa000000)
  to   space 13824K, 0% used [0x00000000fca80000,0x00000000fca80000,0x00000000fd800000)
 ParOldGen       total 175104K, used 12329K [0x00000000e0000000, 0x00000000eab00000, 0x00000000f5580000)
  object space 175104K, 7% used [0x00000000e0000000,0x00000000e0c0a650,0x00000000eab00000)
 Metaspace       used 34554K, capacity 35428K, committed 35496K, reserved 1079296K
  class space    used 4828K, capacity 5107K, committed 5120K, reserved 1048576K
Event: 35.406 GC heap after
Heap after GC invocations=7 (full 1):
 PSYoungGen      total 118784K, used 11950K [0x00000000f5580000, 0x00000000fdd80000, 0x0000000100000000)
  eden space 104960K, 0% used [0x00000000f5580000,0x00000000f5580000,0x00000000fbc00000)
  from space 13824K, 86% used [0x00000000fca80000,0x00000000fd62bad0,0x00000000fd800000)
  to   space 14848K, 0% used [0x00000000fbc00000,0x00000000fbc00000,0x00000000fca80000)
 ParOldGen       total 175104K, used 12337K [0x00000000e0000000, 0x00000000eab00000, 0x00000000f5580000)
  object space 175104K, 7% used [0x00000000e0000000,0x00000000e0c0c650,0x00000000eab00000)
 Metaspace       used 34554K, capacity 35428K, committed 35496K, reserved 1079296K
  class space    used 4828K, capacity 5107K, committed 5120K, reserved 1048576K
}
Event: 35.406 GC heap before
{Heap before GC invocations=8 (full 2):
 PSYoungGen      total 118784K, used 11950K [0x00000000f5580000, 0x00000000fdd80000, 0x0000000100000000)
  eden space 104960K, 0% used [0x00000000f5580000,0x00000000f5580000,0x00000000fbc00000)
  from space 13824K, 86% used [0x00000000fca80000,0x00000000fd62bad0,0x00000000fd800000)
  to   space 14848K, 0% used [0x00000000fbc00000,0x00000000fbc00000,0x00000000fca80000)
 ParOldGen       total 175104K, used 12337K [0x00000000e0000000, 0x00000000eab00000, 0x00000000f5580000)
  object space 175104K, 7% used [0x00000000e0000000,0x00000000e0c0c650,0x00000000eab00000)
 Metaspace       used 34554K, capacity 35428K, committed 35496K, reserved 1079296K
  class space    used 4828K, capacity 5107K, committed 5120K, reserved 1048576K
Event: 35.563 GC heap after
Heap after GC invocations=8 (full 2):
 PSYoungGen      total 118784K, used 0K [0x00000000f5580000, 0x00000000fdd80000, 0x0000000100000000)
  eden space 104960K, 0% used [0x00000000f5580000,0x00000000f5580000,0x00000000fbc00000)
  from space 13824K, 0% used [0x00000000fca80000,0x00000000fca80000,0x00000000fd800000)
  to   space 14848K, 0% used [0x00000000fbc00000,0x00000000fbc00000,0x00000000fca80000)
 ParOldGen       total 175104K, used 18784K [0x00000000e0000000, 0x00000000eab00000, 0x00000000f5580000)
  object space 175104K, 10% used [0x00000000e0000000,0x00000000e12580d8,0x00000000eab00000)
 Metaspace       used 34554K, capacity 35428K, committed 35496K, reserved 1079296K
  class space    used 4828K, capacity 5107K, committed 5120K, reserved 1048576K
}
Event: 39.072 GC heap before
{Heap before GC invocations=9 (full 2):
 PSYoungGen      total 118784K, used 104960K [0x00000000f5580000, 0x00000000fdd80000, 0x0000000100000000)
  eden space 104960K, 100% used [0x00000000f5580000,0x00000000fbc00000,0x00000000fbc00000)
  from space 13824K, 0% used [0x00000000fca80000,0x00000000fca80000,0x00000000fd800000)
  to   space 14848K, 0% used [0x00000000fbc00000,0x00000000fbc00000,0x00000000fca80000)
 ParOldGen       total 175104K, used 18784K [0x00000000e0000000, 0x00000000eab00000, 0x00000000f5580000)
  object space 175104K, 10% used [0x00000000e0000000,0x00000000e12580d8,0x00000000eab00000)
 Metaspace       used 43697K, capacity 45186K, committed 45440K, reserved 1087488K
  class space    used 6035K, capacity 6408K, committed 6528K, reserved 1048576K
Event: 39.137 GC heap after
Heap after GC invocations=9 (full 2):
 PSYoungGen      total 119808K, used 12748K [0x00000000f5580000, 0x00000000fdd80000, 0x0000000100000000)
  eden space 104960K, 0% used [0x00000000f5580000,0x00000000f5580000,0x00000000fbc00000)
  from space 14848K, 85% used [0x00000000fbc00000,0x00000000fc873330,0x00000000fca80000)
  to   space 13824K, 0% used [0x00000000fca80000,0x00000000fca80000,0x00000000fd800000)
 ParOldGen       total 175104K, used 18792K [0x00000000e0000000, 0x00000000eab00000, 0x00000000f5580000)
  object space 175104K, 10% used [0x00000000e0000000,0x00000000e125a0d8,0x00000000eab00000)
 Metaspace       used 43697K, capacity 45186K, committed 45440K, reserved 1087488K
  class space    used 6035K, capacity 6408K, committed 6528K, reserved 1048576K
}

