# JRE version: Java(TM) SE Runtime Environment (8.0_271-b09) (build 1.8.0_271-b09)
# Java VM: Java HotSpot(TM) 64-Bit Server VM (25.271-b09 mixed mode windows-amd64 compressed oops)
Heap:
 PSYoungGen      total 159232K, used 19407K [0x00000000f5580000, 0x0000000100000000, 0x0000000100000000)
  eden space 145408K, 3% used [0x00000000f5580000,0x00000000f5af41a0,0x00000000fe380000)
  from space 13824K, 99% used [0x00000000fe380000,0x00000000ff0ffe40,0x00000000ff100000)
  to   space 15360K, 0% used [0x00000000ff100000,0x00000000ff100000,0x0000000100000000)
 ParOldGen       total 175104K, used 19669K [0x00000000e0000000, 0x00000000eab00000, 0x00000000f5580000)
  object space 175104K, 11% used [0x00000000e0000000,0x00000000e1335568,0x00000000eab00000)
 Metaspace       used 47018K, capacity 48714K, committed 48972K, reserved 1091584K
  class space    used 6456K, capacity 6882K, committed 6988K, reserved 1048576K
GC Heap History (10 events):
Event: 22.705 GC heap before
{Heap before GC invocations=7 (full 1):
 PSYoungGen      total 76288K, used 75736K [0x00000000f5580000, 0x00000000fd200000, 0x0000000100000000)
  eden space 65536K, 100% used [0x00000000f5580000,0x00000000f9580000,0x00000000f9580000)
  from space 10752K, 94% used [0x00000000f9580000,0x00000000f9f76340,0x00000000fa000000)
  to   space 13824K, 0% used [0x00000000fc480000,0x00000000fc480000,0x00000000fd200000)
 ParOldGen       total 175104K, used 12352K [0x00000000e0000000, 0x00000000eab00000, 0x00000000f5580000)
  object space 175104K, 7% used [0x00000000e0000000,0x00000000e0c10130,0x00000000eab00000)
 Metaspace       used 34494K, capacity 35406K, committed 35496K, reserved 1079296K
  class space    used 4824K, capacity 5102K, committed 5120K, reserved 1048576K
Event: 22.718 GC heap after
Heap after GC invocations=7 (full 1):
 PSYoungGen      total 112640K, used 12038K [0x00000000f5580000, 0x00000000fd700000, 0x0000000100000000)
  eden space 98816K, 0% used [0x00000000f5580000,0x00000000f5580000,0x00000000fb600000)
  from space 13824K, 87% used [0x00000000fc480000,0x00000000fd041b68,0x00000000fd200000)
  to   space 14848K, 0% used [0x00000000fb600000,0x00000000fb600000,0x00000000fc480000)
 ParOldGen       total 175104K, used 12360K [0x00000000e0000000, 0x00000000eab00000, 0x00000000f5580000)
  object space 175104K, 7% used [0x00000000e0000000,0x00000000e0c12130,0x00000000eab00000)
 Metaspace       used 34494K, capacity 35406K, committed 35496K, reserved 1079296K
  class space    used 4824K, capacity 5102K, committed 5120K, reserved 1048576K
}
Event: 22.753 GC heap before
{Heap before GC invocations=8 (full 1):
 PSYoungGen      total 112640K, used 14139K [0x00000000f5580000, 0x00000000fd700000, 0x0000000100000000)
  eden space 98816K, 2% used [0x00000000f5580000,0x00000000f578d490,0x00000000fb600000)
  from space 13824K, 87% used [0x00000000fc480000,0x00000000fd041b68,0x00000000fd200000)
  to   space 14848K, 0% used [0x00000000fb600000,0x00000000fb600000,0x00000000fc480000)
 ParOldGen       total 175104K, used 12360K [0x00000000e0000000, 0x00000000eab00000, 0x00000000f5580000)
  object space 175104K, 7% used [0x00000000e0000000,0x00000000e0c12130,0x00000000eab00000)
 Metaspace       used 34545K, capacity 35498K, committed 35752K, reserved 1079296K
  class space    used 4829K, capacity 5108K, committed 5120K, reserved 1048576K
Event: 22.763 GC heap after
Heap after GC invocations=8 (full 1):
 PSYoungGen      total 113664K, used 9046K [0x00000000f5580000, 0x0000000100000000, 0x0000000100000000)
  eden space 98816K, 0% used [0x00000000f5580000,0x00000000f5580000,0x00000000fb600000)
  from space 14848K, 60% used [0x00000000fb600000,0x00000000fbed59f0,0x00000000fc480000)
  to   space 14336K, 0% used [0x00000000ff200000,0x00000000ff200000,0x0000000100000000)
 ParOldGen       total 175104K, used 12368K [0x00000000e0000000, 0x00000000eab00000, 0x00000000f5580000)
  object space 175104K, 7% used [0x00000000e0000000,0x00000000e0c14130,0x00000000eab00000)
 Metaspace       used 34545K, capacity 35498K, committed 35752K, reserved 1079296K
  class space    used 4829K, capacity 5108K, committed 5120K, reserved 1048576K
}
Event: 22.860 GC heap before
{Heap before GC invocations=9 (full 1):
 PSYoungGen      total 113664K, used 16479K [0x00000000f5580000, 0x0000000100000000, 0x0000000100000000)
  eden space 98816K, 7% used [0x00000000f5580000,0x00000000f5cc2468,0x00000000fb600000)
  from space 14848K, 60% used [0x00000000fb600000,0x00000000fbed59f0,0x00000000fc480000)
  to   space 14336K, 0% used [0x00000000ff200000,0x00000000ff200000,0x0000000100000000)
 ParOldGen       total 175104K, used 12368K [0x00000000e0000000, 0x00000000eab00000, 0x00000000f5580000)
  object space 175104K, 7% used [0x00000000e0000000,0x00000000e0c14130,0x00000000eab00000)
 Metaspace       used 34818K, capacity 35774K, committed 35828K, reserved 1079296K
  class space    used 4880K, capacity 5162K, committed 5196K, reserved 1048576K
Event: 22.884 GC heap after
Heap after GC invocations=9 (full 1):
 PSYoungGen      total 158208K, used 8864K [0x00000000f5580000, 0x00000000ffe80000, 0x0000000100000000)
  eden space 145408K, 0% used [0x00000000f5580000,0x00000000f5580000,0x00000000fe380000)
  from space 12800K, 69% used [0x00000000ff200000,0x00000000ffaa8218,0x00000000ffe80000)
  to   space 13824K, 0% used [0x00000000fe380000,0x00000000fe380000,0x00000000ff100000)
 ParOldGen       total 175104K, used 12376K [0x00000000e0000000, 0x00000000eab00000, 0x00000000f5580000)
  object space 175104K, 7% used [0x00000000e0000000,0x00000000e0c16130,0x00000000eab00000)
 Metaspace       used 34818K, capacity 35774K, committed 35828K, reserved 1079296K
  class space    used 4880K, capacity 5162K, committed 5196K, reserved 1048576K
}
Event: 22.884 GC heap before
{Heap before GC invocations=10 (full 2):
 PSYoungGen      total 158208K, used 8864K [0x00000000f5580000, 0x00000000ffe80000, 0x0000000100000000)
  eden space 145408K, 0% used [0x00000000f5580000,0x00000000f5580000,0x00000000fe380000)
  from space 12800K, 69% used [0x00000000ff200000,0x00000000ffaa8218,0x00000000ffe80000)
  to   space 13824K, 0% used [0x00000000fe380000,0x00000000fe380000,0x00000000ff100000)
 ParOldGen       total 175104K, used 12376K [0x00000000e0000000, 0x00000000eab00000, 0x00000000f5580000)
  object space 175104K, 7% used [0x00000000e0000000,0x00000000e0c16130,0x00000000eab00000)
 Metaspace       used 34818K, capacity 35774K, committed 35828K, reserved 1079296K
  class space    used 4880K, capacity 5162K, committed 5196K, reserved 1048576K
Event: 23.110 GC heap after
Heap after GC invocations=10 (full 2):
 PSYoungGen      total 158208K, used 0K [0x00000000f5580000, 0x00000000ffe80000, 0x0000000100000000)
  eden space 145408K, 0% used [0x00000000f5580000,0x00000000f5580000,0x00000000fe380000)
  from space 12800K, 0% used [0x00000000ff200000,0x00000000ff200000,0x00000000ffe80000)
  to   space 13824K, 0% used [0x00000000fe380000,0x00000000fe380000,0x00000000ff100000)
 ParOldGen       total 175104K, used 15813K [0x00000000e0000000, 0x00000000eab00000, 0x00000000f5580000)
  object space 175104K, 9% used [0x00000000e0000000,0x00000000e0f714e8,0x00000000eab00000)
 Metaspace       used 34818K, capacity 35774K, committed 35828K, reserved 1079296K
  class space    used 4880K, capacity 5162K, committed 5196K, reserved 1048576K
}
Event: 26.606 GC heap before
{Heap before GC invocations=11 (full 2):
 PSYoungGen      total 158208K, used 145408K [0x00000000f5580000, 0x00000000ffe80000, 0x0000000100000000)
  eden space 145408K, 100% used [0x00000000f5580000,0x00000000fe380000,0x00000000fe380000)
  from space 12800K, 0% used [0x00000000ff200000,0x00000000ff200000,0x00000000ffe80000)
  to   space 13824K, 0% used [0x00000000fe380000,0x00000000fe380000,0x00000000ff100000)
 ParOldGen       total 175104K, used 15813K [0x00000000e0000000, 0x00000000eab00000, 0x00000000f5580000)
  object space 175104K, 9% used [0x00000000e0000000,0x00000000e0f714e8,0x00000000eab00000)
 Metaspace       used 46430K, capacity 48076K, committed 48332K, reserved 1091584K
  class space    used 6389K, capacity 6799K, committed 6860K, reserved 1048576K
Event: 26.690 GC heap after
Heap after GC invocations=11 (full 2):
 PSYoungGen      total 159232K, used 13823K [0x00000000f5580000, 0x0000000100000000, 0x0000000100000000)
  eden space 145408K, 0% used [0x00000000f5580000,0x00000000f5580000,0x00000000fe380000)
  from space 13824K, 99% used [0x00000000fe380000,0x00000000ff0ffe40,0x00000000ff100000)
  to   space 15360K, 0% used [0x00000000ff100000,0x00000000ff100000,0x0000000100000000)
 ParOldGen       total 175104K, used 19669K [0x00000000e0000000, 0x00000000eab00000, 0x00000000f5580000)
  object space 175104K, 11% used [0x00000000e0000000,0x00000000e1335568,0x00000000eab00000)
 Metaspace       used 46430K, capacity 48076K, committed 48332K, reserved 1091584K
  class space    used 6389K, capacity 6799K, committed 6860K, reserved 1048576K
}

