# JRE version: Java(TM) SE Runtime Environment (8.0_271-b09) (build 1.8.0_271-b09)
# Java VM: Java HotSpot(TM) 64-Bit Server VM (25.271-b09 mixed mode windows-amd64 compressed oops)
Heap:
 PSYoungGen      total 102400K, used 33743K [0x00000000f5580000, 0x00000000fce00000, 0x0000000100000000)
  eden space 88576K, 22% used [0x00000000f5580000,0x00000000f68fb3c8,0x00000000fac00000)
  from space 13824K, 99% used [0x00000000fba80000,0x00000000fc7f8a48,0x00000000fc800000)
  to   space 14848K, 0% used [0x00000000fac00000,0x00000000fac00000,0x00000000fba80000)
 ParOldGen       total 182272K, used 19864K [0x00000000e0000000, 0x00000000eb200000, 0x00000000f5580000)
  object space 182272K, 10% used [0x00000000e0000000,0x00000000e1366388,0x00000000eb200000)
 Metaspace       used 47990K, capacity 49674K, committed 49792K, reserved 1091584K
  class space    used 6624K, capacity 7031K, committed 7040K, reserved 1048576K
GC Heap History (10 events):
Event: 19.710 GC heap before
{Heap before GC invocations=6 (full 1):
 PSYoungGen      total 76288K, used 73450K [0x00000000f5580000, 0x00000000fbd80000, 0x0000000100000000)
  eden space 65536K, 100% used [0x00000000f5580000,0x00000000f9580000,0x00000000f9580000)
  from space 10752K, 73% used [0x00000000fa000000,0x00000000fa7baa88,0x00000000faa80000)
  to   space 10752K, 0% used [0x00000000f9580000,0x00000000f9580000,0x00000000fa000000)
 ParOldGen       total 175104K, used 12322K [0x00000000e0000000, 0x00000000eab00000, 0x00000000f5580000)
  object space 175104K, 7% used [0x00000000e0000000,0x00000000e0c08950,0x00000000eab00000)
 Metaspace       used 31240K, capacity 32026K, committed 32256K, reserved 1077248K
  class space    used 4347K, capacity 4572K, committed 4608K, reserved 1048576K
Event: 19.723 GC heap after
Heap after GC invocations=6 (full 1):
 PSYoungGen      total 76288K, used 10111K [0x00000000f5580000, 0x00000000fc800000, 0x0000000100000000)
  eden space 65536K, 0% used [0x00000000f5580000,0x00000000f5580000,0x00000000f9580000)
  from space 10752K, 94% used [0x00000000f9580000,0x00000000f9f5fc60,0x00000000fa000000)
  to   space 13824K, 0% used [0x00000000fba80000,0x00000000fba80000,0x00000000fc800000)
 ParOldGen       total 175104K, used 12330K [0x00000000e0000000, 0x00000000eab00000, 0x00000000f5580000)
  object space 175104K, 7% used [0x00000000e0000000,0x00000000e0c0a950,0x00000000eab00000)
 Metaspace       used 31240K, capacity 32026K, committed 32256K, reserved 1077248K
  class space    used 4347K, capacity 4572K, committed 4608K, reserved 1048576K
}
Event: 20.555 GC heap before
{Heap before GC invocations=7 (full 1):
 PSYoungGen      total 76288K, used 75342K [0x00000000f5580000, 0x00000000fc800000, 0x0000000100000000)
  eden space 65536K, 99% used [0x00000000f5580000,0x00000000f9533c18,0x00000000f9580000)
  from space 10752K, 94% used [0x00000000f9580000,0x00000000f9f5fc60,0x00000000fa000000)
  to   space 13824K, 0% used [0x00000000fba80000,0x00000000fba80000,0x00000000fc800000)
 ParOldGen       total 175104K, used 12330K [0x00000000e0000000, 0x00000000eab00000, 0x00000000f5580000)
  object space 175104K, 7% used [0x00000000e0000000,0x00000000e0c0a950,0x00000000eab00000)
 Metaspace       used 34446K, capacity 35342K, committed 35416K, reserved 1079296K
  class space    used 4825K, capacity 5102K, committed 5120K, reserved 1048576K
Event: 20.569 GC heap after
Heap after GC invocations=7 (full 1):
 PSYoungGen      total 102400K, used 11889K [0x00000000f5580000, 0x00000000fce00000, 0x0000000100000000)
  eden space 88576K, 0% used [0x00000000f5580000,0x00000000f5580000,0x00000000fac00000)
  from space 13824K, 86% used [0x00000000fba80000,0x00000000fc61c460,0x00000000fc800000)
  to   space 14848K, 0% used [0x00000000fac00000,0x00000000fac00000,0x00000000fba80000)
 ParOldGen       total 175104K, used 12338K [0x00000000e0000000, 0x00000000eab00000, 0x00000000f5580000)
  object space 175104K, 7% used [0x00000000e0000000,0x00000000e0c0c950,0x00000000eab00000)
 Metaspace       used 34446K, capacity 35342K, committed 35416K, reserved 1079296K
  class space    used 4825K, capacity 5102K, committed 5120K, reserved 1048576K
}
Event: 20.569 GC heap before
{Heap before GC invocations=8 (full 2):
 PSYoungGen      total 102400K, used 11889K [0x00000000f5580000, 0x00000000fce00000, 0x0000000100000000)
  eden space 88576K, 0% used [0x00000000f5580000,0x00000000f5580000,0x00000000fac00000)
  from space 13824K, 86% used [0x00000000fba80000,0x00000000fc61c460,0x00000000fc800000)
  to   space 14848K, 0% used [0x00000000fac00000,0x00000000fac00000,0x00000000fba80000)
 ParOldGen       total 175104K, used 12338K [0x00000000e0000000, 0x00000000eab00000, 0x00000000f5580000)
  object space 175104K, 7% used [0x00000000e0000000,0x00000000e0c0c950,0x00000000eab00000)
 Metaspace       used 34446K, capacity 35342K, committed 35416K, reserved 1079296K
  class space    used 4825K, capacity 5102K, committed 5120K, reserved 1048576K
Event: 20.644 GC heap after
Heap after GC invocations=8 (full 2):
 PSYoungGen      total 102400K, used 0K [0x00000000f5580000, 0x00000000fce00000, 0x0000000100000000)
  eden space 88576K, 0% used [0x00000000f5580000,0x00000000f5580000,0x00000000fac00000)
  from space 13824K, 0% used [0x00000000fba80000,0x00000000fba80000,0x00000000fc800000)
  to   space 14848K, 0% used [0x00000000fac00000,0x00000000fac00000,0x00000000fba80000)
 ParOldGen       total 182272K, used 18608K [0x00000000e0000000, 0x00000000eb200000, 0x00000000f5580000)
  object space 182272K, 10% used [0x00000000e0000000,0x00000000e122c070,0x00000000eb200000)
 Metaspace       used 34446K, capacity 35342K, committed 35416K, reserved 1079296K
  class space    used 4825K, capacity 5102K, committed 5120K, reserved 1048576K
}
Event: 23.983 GC heap before
{Heap before GC invocations=9 (full 2):
 PSYoungGen      total 102400K, used 88576K [0x00000000f5580000, 0x00000000fce00000, 0x0000000100000000)
  eden space 88576K, 100% used [0x00000000f5580000,0x00000000fac00000,0x00000000fac00000)
  from space 13824K, 0% used [0x00000000fba80000,0x00000000fba80000,0x00000000fc800000)
  to   space 14848K, 0% used [0x00000000fac00000,0x00000000fac00000,0x00000000fba80000)
 ParOldGen       total 182272K, used 18608K [0x00000000e0000000, 0x00000000eb200000, 0x00000000f5580000)
  object space 182272K, 10% used [0x00000000e0000000,0x00000000e122c070,0x00000000eb200000)
 Metaspace       used 42461K, capacity 43914K, committed 44160K, reserved 1087488K
  class space    used 5884K, capacity 6264K, committed 6272K, reserved 1048576K
Event: 23.999 GC heap after
Heap after GC invocations=9 (full 2):
 PSYoungGen      total 103424K, used 10657K [0x00000000f5580000, 0x00000000fce00000, 0x0000000100000000)
  eden space 88576K, 0% used [0x00000000f5580000,0x00000000f5580000,0x00000000fac00000)
  from space 14848K, 71% used [0x00000000fac00000,0x00000000fb668520,0x00000000fba80000)
  to   space 13824K, 0% used [0x00000000fba80000,0x00000000fba80000,0x00000000fc800000)
 ParOldGen       total 182272K, used 18616K [0x00000000e0000000, 0x00000000eb200000, 0x00000000f5580000)
  object space 182272K, 10% used [0x00000000e0000000,0x00000000e122e070,0x00000000eb200000)
 Metaspace       used 42461K, capacity 43914K, committed 44160K, reserved 1087488K
  class space    used 5884K, capacity 6264K, committed 6272K, reserved 1048576K
}
Event: 26.170 GC heap before
{Heap before GC invocations=10 (full 2):
 PSYoungGen      total 103424K, used 99233K [0x00000000f5580000, 0x00000000fce00000, 0x0000000100000000)
  eden space 88576K, 100% used [0x00000000f5580000,0x00000000fac00000,0x00000000fac00000)
  from space 14848K, 71% used [0x00000000fac00000,0x00000000fb668520,0x00000000fba80000)
  to   space 13824K, 0% used [0x00000000fba80000,0x00000000fba80000,0x00000000fc800000)
 ParOldGen       total 182272K, used 18616K [0x00000000e0000000, 0x00000000eb200000, 0x00000000f5580000)
  object space 182272K, 10% used [0x00000000e0000000,0x00000000e122e070,0x00000000eb200000)
 Metaspace       used 47321K, capacity 48916K, committed 49280K, reserved 1091584K
  class space    used 6501K, capacity 6918K, committed 7040K, reserved 1048576K
Event: 26.202 GC heap after
Heap after GC invocations=10 (full 2):
 PSYoungGen      total 102400K, used 13794K [0x00000000f5580000, 0x00000000fce00000, 0x0000000100000000)
  eden space 88576K, 0% used [0x00000000f5580000,0x00000000f5580000,0x00000000fac00000)
  from space 13824K, 99% used [0x00000000fba80000,0x00000000fc7f8a48,0x00000000fc800000)
  to   space 14848K, 0% used [0x00000000fac00000,0x00000000fac00000,0x00000000fba80000)
 ParOldGen       total 182272K, used 19864K [0x00000000e0000000, 0x00000000eb200000, 0x00000000f5580000)
  object space 182272K, 10% used [0x00000000e0000000,0x00000000e1366388,0x00000000eb200000)
 Metaspace       used 47321K, capacity 48916K, committed 49280K, reserved 1091584K
  class space    used 6501K, capacity 6918K, committed 7040K, reserved 1048576K
}

